Flow report for project2_200104004099
Fri Jan 19 20:04:59 2024
Quartus Prime Version 20.1.1 Build 720 11/11/2020 SJ Lite Edition


---------------------
; Table of Contents ;
---------------------
  1. Legal Notice
  2. Flow Summary
  3. Flow Settings
  4. Flow Non-Default Global Settings
  5. Flow Elapsed Time
  6. Flow OS Summary
  7. Flow Log
  8. Flow Messages
  9. Flow Suppressed Messages



----------------
; Legal Notice ;
----------------
Copyright (C) 2020  Intel Corporation. All rights reserved.
Your use of Intel Corporation's design tools, logic functions 
and other software and tools, and any partner logic 
functions, and any output files from any of the foregoing 
(including device programming or simulation files), and any 
associated documentation or information are expressly subject 
to the terms and conditions of the Intel Program License 
Subscription Agreement, the Intel Quartus Prime License Agreement,
the Intel FPGA IP License Agreement, or other applicable license
agreement, including, without limitation, that your use is for
the sole purpose of programming logic devices manufactured by
Intel and sold by Intel or its authorized distributors.  Please
refer to the applicable agreement for further details, at
https://fpgasoftware.intel.com/eula.



+-------------------------------------------------------------------------------+
; Flow Summary                                                                  ;
+---------------------------------+---------------------------------------------+
; Flow Status                     ; Successful - Fri Jan 19 20:04:59 2024       ;
; Quartus Prime Version           ; 20.1.1 Build 720 11/11/2020 SJ Lite Edition ;
; Revision Name                   ; project2_200104004099                       ;
; Top-level Entity Name           ; mips                                        ;
; Family                          ; Cyclone V                                   ;
; Device                          ; 5CGXFC7C7F23C8                              ;
; Timing Models                   ; Final                                       ;
; Logic utilization (in ALMs)     ; 1 / 56,480 ( < 1 % )                        ;
; Total registers                 ; 0                                           ;
; Total pins                      ; 1 / 268 ( < 1 % )                           ;
; Total virtual pins              ; 0                                           ;
; Total block memory bits         ; 0 / 7,024,640 ( 0 % )                       ;
; Total DSP Blocks                ; 0 / 156 ( 0 % )                             ;
; Total HSSI RX PCSs              ; 0 / 6 ( 0 % )                               ;
; Total HSSI PMA RX Deserializers ; 0 / 6 ( 0 % )                               ;
; Total HSSI TX PCSs              ; 0 / 6 ( 0 % )                               ;
; Total HSSI PMA TX Serializers   ; 0 / 6 ( 0 % )                               ;
; Total PLLs                      ; 0 / 13 ( 0 % )                              ;
; Total DLLs                      ; 0 / 4 ( 0 % )                               ;
+---------------------------------+---------------------------------------------+


+-------------------------------------------+
; Flow Settings                             ;
+-------------------+-----------------------+
; Option            ; Setting               ;
+-------------------+-----------------------+
; Start date & time ; 01/19/2024 20:04:00   ;
; Main task         ; Compilation           ;
; Revision Name     ; project2_200104004099 ;
+-------------------+-----------------------+


+---------------------------------------------------------------------------------------------------------------------------------------------------+
; Flow Non-Default Global Settings                                                                                                                  ;
+--------------------------------------+----------------------------------------+-----------------------+-------------+-----------------------------+
; Assignment Name                      ; Value                                  ; Default Value         ; Entity Name ; Section Id                  ;
+--------------------------------------+----------------------------------------+-----------------------+-------------+-----------------------------+
; COMPILER_SIGNATURE_ID                ; 238300910854732.170568384012340        ; --                    ; --          ; --                          ;
; EDA_DESIGN_INSTANCE_NAME             ; NA                                     ; --                    ; --          ; tb                          ;
; EDA_DESIGN_INSTANCE_NAME             ; NA                                     ; --                    ; --          ; mips_tb                     ;
; EDA_DESIGN_INSTANCE_NAME             ; NA                                     ; --                    ; --          ; memory_operations_testbench ;
; EDA_DESIGN_INSTANCE_NAME             ; NA                                     ; --                    ; --          ; tb_alu                      ;
; EDA_NATIVELINK_SIMULATION_TEST_BENCH ; mips_tb                                ; --                    ; --          ; eda_simulation              ;
; EDA_OUTPUT_DATA_FORMAT               ; Verilog Hdl                            ; --                    ; --          ; eda_simulation              ;
; EDA_SIMULATION_TOOL                  ; ModelSim-Altera (Verilog)              ; <None>                ; --          ; --                          ;
; EDA_TEST_BENCH_ENABLE_STATUS         ; TEST_BENCH_MODE                        ; --                    ; --          ; eda_simulation              ;
; EDA_TEST_BENCH_FILE                  ; tb.v                                   ; --                    ; --          ; tb                          ;
; EDA_TEST_BENCH_FILE                  ; mips_tb.v                              ; --                    ; --          ; mips_tb                     ;
; EDA_TEST_BENCH_FILE                  ; memory_operations_testbench.v          ; --                    ; --          ; memory_operations_testbench ;
; EDA_TEST_BENCH_FILE                  ; tb_alu.v                               ; --                    ; --          ; tb_alu                      ;
; EDA_TEST_BENCH_MODULE_NAME           ; tb                                     ; --                    ; --          ; tb                          ;
; EDA_TEST_BENCH_MODULE_NAME           ; mips_tb                                ; --                    ; --          ; mips_tb                     ;
; EDA_TEST_BENCH_MODULE_NAME           ; memory_operations_testbench            ; --                    ; --          ; memory_operations_testbench ;
; EDA_TEST_BENCH_MODULE_NAME           ; tb_alu                                 ; --                    ; --          ; tb_alu                      ;
; EDA_TEST_BENCH_NAME                  ; tb                                     ; --                    ; --          ; eda_simulation              ;
; EDA_TEST_BENCH_NAME                  ; tb_alu                                 ; --                    ; --          ; eda_simulation              ;
; EDA_TEST_BENCH_NAME                  ; memory_operations_testbench            ; --                    ; --          ; eda_simulation              ;
; EDA_TEST_BENCH_NAME                  ; mips_tb                                ; --                    ; --          ; eda_simulation              ;
; EDA_TIME_SCALE                       ; 1 ps                                   ; --                    ; --          ; eda_simulation              ;
; MAX_CORE_JUNCTION_TEMP               ; 85                                     ; --                    ; --          ; --                          ;
; MIN_CORE_JUNCTION_TEMP               ; 0                                      ; --                    ; --          ; --                          ;
; PARTITION_COLOR                      ; -- (Not supported for targeted family) ; --                    ; mips        ; Top                         ;
; PARTITION_FITTER_PRESERVATION_LEVEL  ; -- (Not supported for targeted family) ; --                    ; mips        ; Top                         ;
; PARTITION_NETLIST_TYPE               ; -- (Not supported for targeted family) ; --                    ; mips        ; Top                         ;
; POWER_BOARD_THERMAL_MODEL            ; None (CONSERVATIVE)                    ; --                    ; --          ; --                          ;
; POWER_PRESET_COOLING_SOLUTION        ; 23 MM HEAT SINK WITH 200 LFPM AIRFLOW  ; --                    ; --          ; --                          ;
; PROJECT_OUTPUT_DIRECTORY             ; output_files                           ; --                    ; --          ; --                          ;
; TOP_LEVEL_ENTITY                     ; mips                                   ; project2_200104004099 ; --          ; --                          ;
+--------------------------------------+----------------------------------------+-----------------------+-------------+-----------------------------+


+--------------------------------------------------------------------------------------------------------------------------+
; Flow Elapsed Time                                                                                                        ;
+----------------------+--------------+-------------------------+---------------------+------------------------------------+
; Module Name          ; Elapsed Time ; Average Processors Used ; Peak Virtual Memory ; Total CPU Time (on all processors) ;
+----------------------+--------------+-------------------------+---------------------+------------------------------------+
; Analysis & Synthesis ; 00:00:15     ; 1.0                     ; 4791 MB             ; 00:00:18                           ;
; Fitter               ; 00:00:25     ; 1.0                     ; 6850 MB             ; 00:00:55                           ;
; Assembler            ; 00:00:09     ; 1.0                     ; 4830 MB             ; 00:00:07                           ;
; Timing Analyzer      ; 00:00:04     ; 1.0                     ; 5161 MB             ; 00:00:03                           ;
; EDA Netlist Writer   ; 00:00:01     ; 1.0                     ; 4722 MB             ; 00:00:01                           ;
; Total                ; 00:00:54     ; --                      ; --                  ; 00:01:24                           ;
+----------------------+--------------+-------------------------+---------------------+------------------------------------+


+------------------------------------------------------------------------------------+
; Flow OS Summary                                                                    ;
+----------------------+------------------+------------+------------+----------------+
; Module Name          ; Machine Hostname ; OS Name    ; OS Version ; Processor type ;
+----------------------+------------------+------------+------------+----------------+
; Analysis & Synthesis ; MSI              ; Windows 10 ; 10.0       ; x86_64         ;
; Fitter               ; MSI              ; Windows 10 ; 10.0       ; x86_64         ;
; Assembler            ; MSI              ; Windows 10 ; 10.0       ; x86_64         ;
; Timing Analyzer      ; MSI              ; Windows 10 ; 10.0       ; x86_64         ;
; EDA Netlist Writer   ; MSI              ; Windows 10 ; 10.0       ; x86_64         ;
+----------------------+------------------+------------+------------+----------------+


------------
; Flow Log ;
------------
quartus_map --read_settings_files=on --write_settings_files=off project2_200104004099 -c project2_200104004099
quartus_fit --read_settings_files=off --write_settings_files=off project2_200104004099 -c project2_200104004099
quartus_asm --read_settings_files=off --write_settings_files=off project2_200104004099 -c project2_200104004099
quartus_sta project2_200104004099 -c project2_200104004099
quartus_eda --read_settings_files=off --write_settings_files=off project2_200104004099 -c project2_200104004099



